[ 2025-06-27 16:41:58,653 ] 42 root - INFO - Start data Ingestion
[ 2025-06-27 16:42:00,514 ] 66 root - INFO - Performed train test split on the dataframe
[ 2025-06-27 16:42:00,514 ] 68 root - INFO - Exited split_data_as_train_test method of Data_Ingestion class
[ 2025-06-27 16:42:00,514 ] 76 root - INFO - Exporting train and test file path.
[ 2025-06-27 16:42:00,674 ] 85 root - INFO - Exported train and test file path.
[ 2025-06-27 16:42:00,675 ] 45 root - INFO - Data Ingestion completed and artifact: DataIngestionArtifact(trained_file_path='Artifacts\\06_27_2025_16_41_08\\data_ingestion\\ingested\\train.csv', test_file_path='Artifacts\\06_27_2025_16_41_08\\data_ingestion\\ingested\\test.csv')
[ 2025-06-27 16:42:00,699 ] 55 root - INFO - Initiate the data Validation
[ 2025-06-27 16:42:00,848 ] 32 root - INFO - Required number of columns:2
[ 2025-06-27 16:42:00,848 ] 33 root - INFO - Data frame has columns:31
[ 2025-06-27 16:42:00,848 ] 32 root - INFO - Required number of columns:2
[ 2025-06-27 16:42:00,848 ] 33 root - INFO - Data frame has columns:31
[ 2025-06-27 16:42:01,189 ] 63 root - INFO - Entered initiate_data_transformation method of DataTransformation class
[ 2025-06-27 16:42:01,189 ] 65 root - INFO - Starting data transformation
[ 2025-06-27 16:42:01,232 ] 48 root - INFO - Entered get_data_trnasformer_object method of Trnasformation class
[ 2025-06-27 16:42:01,232 ] 53 root - INFO - Initialise KNNImputer with {'missing_values': nan, 'n_neighbors': 3, 'weights': 'uniform'}
[ 2025-06-27 16:42:01,254 ] 46 root - INFO - Entered the save_object method of MainUtils class
[ 2025-06-27 16:42:01,258 ] 50 root - INFO - Exited the save_object method of MainUtils class
[ 2025-06-27 16:42:01,258 ] 46 root - INFO - Entered the save_object method of MainUtils class
[ 2025-06-27 16:42:01,262 ] 50 root - INFO - Exited the save_object method of MainUtils class
[ 2025-06-27 16:50:23,732 ] 46 root - INFO - Entered the save_object method of MainUtils class
[ 2025-06-27 16:50:23,738 ] 50 root - INFO - Exited the save_object method of MainUtils class
[ 2025-06-27 16:50:23,738 ] 46 root - INFO - Entered the save_object method of MainUtils class
[ 2025-06-27 16:50:23,764 ] 50 root - INFO - Exited the save_object method of MainUtils class
[ 2025-06-27 16:50:23,764 ] 149 root - INFO - Model trainer artifact: ModelTrainerArtifact(trained_model_file_path='Artifacts\\06_27_2025_16_41_08\\model_trainer\\trained_model\\model.pkl', train_metric_artifact=ClassificationMetricArtifact(f1_score=0.9919967581805288, precision_score=0.9898908208653457, recall_score=0.9941116751269036), test_metric_artifact=ClassificationMetricArtifact(f1_score=0.9723225030084236, precision_score=0.9611419508326725, recall_score=0.9837662337662337))
